c:\users\user\desktop\project2\project2\x64\release\vc143.pdb
c:\users\user\desktop\project2\project2\x64\release\test.obj
c:\users\user\desktop\project2\project2\x64\release\steeringsystemqna.obj
c:\users\user\desktop\project2\project2\x64\release\runtestqna.obj
c:\users\user\desktop\project2\project2\x64\release\engineqna.obj
c:\users\user\desktop\project2\project2\x64\release\cartypeqna.obj
c:\users\user\desktop\project2\project2\x64\release\brakesystemqna.obj
c:\users\user\desktop\project2\project2\x64\release\assemble.obj
c:\users\user\desktop\project2\project2\x64\release\abstractqna.obj
c:\users\user\desktop\project2\project2\x64\release\gmock-all.obj
c:\users\user\desktop\project2\project2\x64\release\gtest-all.obj
c:\users\user\desktop\project2\project2\x64\release\project2.ipdb
c:\users\user\desktop\project2\project2\x64\release\project2.iobj
c:\users\user\desktop\project2\x64\release\project2.pdb
c:\users\user\desktop\project2\x64\release\project2.exe
c:\users\user\desktop\project2\project2\x64\release\project2.tlog\cl.command.1.tlog
c:\users\user\desktop\project2\project2\x64\release\project2.tlog\cl.items.tlog
c:\users\user\desktop\project2\project2\x64\release\project2.tlog\cl.read.1.tlog
c:\users\user\desktop\project2\project2\x64\release\project2.tlog\cl.write.1.tlog
c:\users\user\desktop\project2\project2\x64\release\project2.tlog\link.command.1.tlog
c:\users\user\desktop\project2\project2\x64\release\project2.tlog\link.read.1.tlog
c:\users\user\desktop\project2\project2\x64\release\project2.tlog\link.secondary.1.tlog
c:\users\user\desktop\project2\project2\x64\release\project2.tlog\link.write.1.tlog
