c:\users\user\desktop\project2\project2\x64\debug\vc143.pdb
c:\users\user\desktop\project2\project2\x64\debug\vc143.idb
c:\users\user\desktop\project2\project2\x64\debug\test.obj
c:\users\user\desktop\project2\project2\x64\debug\steeringsystemqna.obj
c:\users\user\desktop\project2\project2\x64\debug\runtestqna.obj
c:\users\user\desktop\project2\project2\x64\debug\engineqna.obj
c:\users\user\desktop\project2\project2\x64\debug\cartypeqna.obj
c:\users\user\desktop\project2\project2\x64\debug\brakesystemqna.obj
c:\users\user\desktop\project2\project2\x64\debug\assemble.obj
c:\users\user\desktop\project2\project2\x64\debug\abstractqna.obj
c:\users\user\desktop\project2\project2\x64\debug\gmock-all.obj
c:\users\user\desktop\project2\project2\x64\debug\gtest-all.obj
c:\users\user\desktop\project2\x64\debug\misson2.exe
c:\users\user\desktop\project2\x64\debug\misson2.pdb
c:\users\user\desktop\project2\project2\x64\debug\misson2.ilk
c:\users\user\desktop\project2\project2\x64\debug\project2.ilk
c:\users\user\desktop\project2\project2\x64\debug\misson2.tlog\cl.command.1.tlog
c:\users\user\desktop\project2\project2\x64\debug\misson2.tlog\cl.items.tlog
c:\users\user\desktop\project2\project2\x64\debug\misson2.tlog\cl.read.1.tlog
c:\users\user\desktop\project2\project2\x64\debug\misson2.tlog\cl.write.1.tlog
c:\users\user\desktop\project2\project2\x64\debug\misson2.tlog\link.command.1.tlog
c:\users\user\desktop\project2\project2\x64\debug\misson2.tlog\link.read.1.tlog
c:\users\user\desktop\project2\project2\x64\debug\misson2.tlog\link.secondary.1.tlog
c:\users\user\desktop\project2\project2\x64\debug\misson2.tlog\link.write.1.tlog
